

Microchip Technology PIC LITE Macro Assembler V1.33 build 59893 
                                                                                               Thu Oct 27 05:39:07 2016

Microchip Technology Omniscient Code Generator (Lite mode) build 59893
     1                           	processor	10F222
     2                           	opt	pw 120
     3                           	opt	lm
     4                           	psect	text0,local,class=CODE,merge=1,delta=2
     5                           	psect	cinit,global,class=ENTRY,merge=1,delta=2
     6                           	psect	cstackBANK0,global,class=BANK0,space=1,delta=1
     7                           	psect	maintext,global,class=CODE,split=1,delta=2
     8                           	psect	text1,local,class=CODE,merge=1,delta=2
     9                           	psect	jmp_tab,global,class=ENTRY,delta=2
    10                           	dabs	1,0x1C,4
    11  0000                     	;# 
    12  0001                     	;# 
    13  0002                     	;# 
    14  0003                     	;# 
    15  0004                     	;# 
    16  0005                     	;# 
    17  0006                     	;# 
    18  0007                     	;# 
    19  0008                     	;# 
    20  0008                     _ADRES	set	8
    21  0000                     _OPTION	set	0
    22  0006                     _TRISGPIO	set	6
    23  0038                     _ADON	set	56
    24  003E                     _ANS0	set	62
    25  003F                     _ANS1	set	63
    26  003A                     _CHS0	set	58
    27  003B                     _CHS1	set	59
    28  0039                     _GO	set	57
    29  0031                     _GP1	set	49
    30  0032                     _GP2	set	50
    31  0033                     _GP3	set	51
    32  0039                     _nDONE	set	57
    33                           
    34                           	psect	text0
    35  000                     __ptext0:	
    36                           ; #config settings
    37                           
    38                           
    39                           ;psect for function _Delay_ms
    40  0000                     
    41                           	psect	cinit
    42  003                     start_initialization:	
    43  003                     __initialization:	
    44  003                     end_of_initialization:	
    45                           ;End of C runtime variable initialization code
    46                           
    47  003                     __end_of__initialization:	
    48  003  064                	clrf	4
    49  004  B8A                	ljmp	_main	;jump to C main() function
    50                           
    51                           	psect	cstackBANK0
    52  009                     __pcstackBANK0:	
    53  009                     ?_Delay_ms:	
    54  009                     ?_main:	
    55                           ; 0 bytes @ 0x0
    56                           
    57  009                     Delay_ms@DELAY_CNT:	
    58                           ; 0 bytes @ 0x0
    59                           
    60                           
    61                           ; 2 bytes @ 0x0
    62  009                     	ds	2
    63  00B                     ??_Delay_ms:	
    64                           
    65                           ; 0 bytes @ 0x2
    66  00B                     	ds	2
    67  00D                     Delay_ms@i:	
    68                           
    69                           ; 2 bytes @ 0x4
    70  00D                     	ds	2
    71  00F                     ??_main:	
    72                           
    73                           ; 0 bytes @ 0x6
    74  00F                     	ds	1
    75  010                     main@max_width:	
    76                           
    77                           ; 2 bytes @ 0x7
    78  010                     	ds	2
    79  012                     main@width:	
    80                           
    81                           ; 2 bytes @ 0x9
    82  012                     	ds	2
    83                           
    84                           	psect	maintext
    85  18A                     __pmaintext:	
    86 ;;
    87 ;;Main: autosize = 0, tempsize = 1, incstack = 0, save=0
    88 ;;
    89 ;; *************** function _main *****************
    90 ;; Defined at:
    91 ;;		line 21 in file "main3.c"
    92 ;; Parameters:    Size  Location     Type
    93 ;;		None
    94 ;; Auto vars:     Size  Location     Type
    95 ;;  width           2    9[BANK0 ] int 
    96 ;;  max_width       2    7[BANK0 ] int 
    97 ;; Return value:  Size  Location     Type
    98 ;;		None               void
    99 ;; Registers used:
   100 ;;		wreg, fsr0l, fsr0h, status,2, status,0, btemp+0, btemp+1, btemp+2, btemp+3, pclath, cstack
   101 ;; Tracked objects:
   102 ;;		On entry : 17F/0
   103 ;;		On exit  : 0/0
   104 ;;		Unchanged: 0/0
   105 ;; Data sizes:     COMMON   BANK0
   106 ;;      Params:         0       0
   107 ;;      Locals:         0       4
   108 ;;      Temps:          0       1
   109 ;;      Totals:         0       5
   110 ;;Total ram usage:        5 bytes
   111 ;; Hardware stack levels required when called:    1
   112 ;; This function calls:
   113 ;;		_Delay_ms
   114 ;; This function is called by:
   115 ;;		Startup code after reset
   116 ;; This function uses a non-reentrant model
   117 ;;
   118                           
   119                           
   120                           ;psect for function _main
   121  18A                     _main:	
   122                           
   123                           ;main3.c: 23: int width = 0;
   124                           
   125                           ;incstack = 0
   126                           ; Regs used in _main: [wreg-fsr0h+status,2-btemp+3+pclath+cstack]
   127  18A  072                	clrf	main@width
   128  18B  073                	clrf	main@width+1
   129                           
   130                           ;main3.c: 24: int max_width = 0;
   131  18C  070                	clrf	main@max_width
   132  18D  071                	clrf	main@max_width+1
   133                           
   134                           ;main3.c: 26: OPTION = 0b11000000;
   135  18E  CC0                	movlw	192
   136  18F  002                	option
   137                           
   138                           ;main3.c: 28: TRISGPIO = 0b1000;
   139  190  C08                	movlw	8
   140  191  006                	tris	6
   141                           
   142                           ;main3.c: 29: ANS0 = 1;
   143  192  5C7                	bsf	7,6	;volatile
   144                           
   145                           ;main3.c: 30: ANS1 = 0;
   146  193  4E7                	bcf	7,7	;volatile
   147                           
   148                           ;main3.c: 31: CHS1 = 0; CHS0 = 0;
   149  194  467                	bcf	7,3	;volatile
   150  195  447                	bcf	7,2	;volatile
   151                           
   152                           ;main3.c: 32: ADON = 1;
   153  196  507                	bsf	7,0	;volatile
   154                           
   155                           ;main3.c: 35: Delay_ms(500); GP2 = 1; GP1 = 0;
   156  197  CF4                	movlw	244
   157  198  029                	movwf	Delay_ms@DELAY_CNT
   158  199  C01                	movlw	1
   159  19A  02A                	movwf	Delay_ms@DELAY_CNT+1
   160  19B  905                	fcall	entry__Delay_ms
   161  19C  546                	bsf	6,2	;volatile
   162  19D  426                	bcf	6,1	;volatile
   163                           
   164                           ;main3.c: 36: Delay_ms(500); GP2 = 0; GP1 = 1;
   165  19E  CF4                	movlw	244
   166  19F  029                	movwf	Delay_ms@DELAY_CNT
   167  1A0  C01                	movlw	1
   168  1A1  02A                	movwf	Delay_ms@DELAY_CNT+1
   169  1A2  905                	fcall	entry__Delay_ms
   170  1A3  446                	bcf	6,2	;volatile
   171  1A4  526                	bsf	6,1	;volatile
   172                           
   173                           ;main3.c: 37: Delay_ms(500); GP2 = 1; GP1 = 0;
   174  1A5  CF4                	movlw	244
   175  1A6  029                	movwf	Delay_ms@DELAY_CNT
   176  1A7  C01                	movlw	1
   177  1A8  02A                	movwf	Delay_ms@DELAY_CNT+1
   178  1A9  905                	fcall	entry__Delay_ms
   179  1AA  546                	bsf	6,2	;volatile
   180  1AB  426                	bcf	6,1	;volatile
   181                           
   182                           ;main3.c: 38: Delay_ms(500); GP2 = 0; GP1 = 1;
   183  1AC  CF4                	movlw	244
   184  1AD  029                	movwf	Delay_ms@DELAY_CNT
   185  1AE  C01                	movlw	1
   186  1AF  02A                	movwf	Delay_ms@DELAY_CNT+1
   187  1B0  905                	fcall	entry__Delay_ms
   188  1B1                     L1:	
   189  1B1  446                	bcf	6,2	;volatile
   190  1B2  526                	bsf	6,1	;volatile
   191  1B3                     l547:	
   192                           ;main3.c: 40: while(1) {
   193                           
   194                           
   195                           ;main3.c: 42: if((width > 0)&&(GP3 == 0)) {
   196  1B3  213                	movf	main@width+1,w
   197  1B4  03F                	movwf	31
   198  1B5  212                	movf	main@width,w
   199  1B6  03E                	movwf	30
   200  1B7  21F                	movf	31,w
   201  1B8  F80                	xorlw	128
   202  1B9  03C                	movwf	28
   203  1BA  C80                	movlw	128
   204  1BB  09C                	subwf	28,w
   205  1BC  743                	skipz
   206  1BD  BC0                	goto	u105
   207  1BE  C01                	movlw	1
   208  1BF  09E                	subwf	30,w
   209  1C0                     u105:	
   210  1C0  603                	btfsc	3,0
   211  1C1  666                	btfsc	6,3	;volatile
   212  1C2  BCE                	goto	l559
   213                           
   214                           ;main3.c: 43: max_width = width;
   215  1C3  213                	movf	main@width+1,w
   216  1C4  071                	clrf	main@max_width+1
   217  1C5  1F1                	addwf	main@max_width+1,f
   218  1C6  212                	movf	main@width,w
   219  1C7  070                	clrf	main@max_width
   220  1C8  1F0                	addwf	main@max_width,f
   221                           
   222                           ;main3.c: 44: width = 0;
   223  1C9  072                	clrf	main@width
   224  1CA  073                	clrf	main@width+1
   225                           
   226                           ;main3.c: 45: GO = 1;
   227  1CB  527                	bsf	7,1	;volatile
   228  1CC                     l557:	
   229                           ;main3.c: 46: while(nDONE);
   230                           
   231  1CC  627                	btfsc	7,1	;volatile
   232  1CD  BCC                	goto	l557
   233  1CE                     l559:	
   234                           
   235                           ;main3.c: 47: };
   236                           ;main3.c: 49: if((width == 0)&&(GP3 == 1)) {
   237  1CE  213                	movf	main@width+1,w
   238  1CF  112                	iorwf	main@width,w
   239  1D0  743                	skipz
   240  1D1  BE0                	goto	l569
   241  1D2  666                	btfsc	6,3	;volatile
   242  1D3  BDE                	goto	l567
   243  1D4  BE0                	goto	l569
   244  1D5                     l565:	
   245                           ;main3.c: 50: while(GP3) width++;
   246                           
   247  1D5  C01                	movlw	1
   248  1D6  03C                	movwf	28
   249  1D7  07D                	clrf	29
   250  1D8  21C                	movf	28,w
   251  1D9  1F2                	addwf	main@width,f
   252  1DA  603                	skipnc
   253  1DB  2B3                	incf	main@width+1,f
   254  1DC  21D                	movf	29,w
   255  1DD  1F3                	addwf	main@width+1,f
   256  1DE                     l567:	
   257  1DE  666                	btfsc	6,3	;volatile
   258  1DF  BD5                	goto	l565
   259  1E0                     l569:	
   260                           
   261                           ;main3.c: 51: };
   262                           ;main3.c: 53: if(ADRES > max_width - 120){
   263  1E0  208                	movf	8,w	;volatile
   264  1E1  03C                	movwf	28
   265  1E2  07D                	clrf	29
   266  1E3  211                	movf	main@max_width+1,w
   267  1E4  03F                	movwf	31
   268  1E5  210                	movf	main@max_width,w
   269  1E6  03E                	movwf	30
   270  1E7  C88                	movlw	136
   271  1E8  1DE                	addwf	30,w
   272  1E9  03E                	movwf	30
   273  1EA  21F                	movf	31,w
   274  1EB  03F                	movwf	31
   275  1EC  603                	skipnc
   276  1ED  2BF                	incf	31,f
   277  1EE  CFF                	movlw	255
   278  1EF  1FF                	addwf	31,f
   279  1F0  21F                	movf	31,w
   280  1F1  F80                	xorlw	128
   281  1F2  02F                	movwf	??_main
   282  1F3  21D                	movf	29,w
   283  1F4  F80                	xorlw	128
   284  1F5  08F                	subwf	??_main,w
   285  1F6  743                	skipz
   286  1F7  BFA                	goto	u165
   287  1F8  21C                	movf	28,w
   288  1F9  09E                	subwf	30,w
   289  1FA                     u165:	
   290  1FA  603                	skipnc
   291  1FB  BB1                	goto	L1
   292                           
   293                           ;main3.c: 54: GP2 = 1; GP1 = 0;
   294  1FC  546                	bsf	6,2	;volatile
   295  1FD  426                	bcf	6,1	;volatile
   296                           
   297                           ;main3.c: 55: } else {
   298  1FE  BB3                	goto	l547
   299  1FF                     __end_of_main:	
   300                           ;main3.c: 57: };
   301                           
   302                           ;main3.c: 56: GP2 = 0; GP1 = 1;
   303                           
   304                           
   305                           	psect	text1
   306  169                     __ptext1:	
   307 ;; *************** function _Delay_ms *****************
   308 ;; Defined at:
   309 ;;		line 15 in file "main3.c"
   310 ;; Parameters:    Size  Location     Type
   311 ;;  DELAY_CNT       2    0[BANK0 ] unsigned int 
   312 ;; Auto vars:     Size  Location     Type
   313 ;;  i               2    4[BANK0 ] unsigned int 
   314 ;; Return value:  Size  Location     Type
   315 ;;		None               void
   316 ;; Registers used:
   317 ;;		wreg, fsr0l, fsr0h, status,2, btemp+0, btemp+1
   318 ;; Tracked objects:
   319 ;;		On entry : 0/0
   320 ;;		On exit  : 0/0
   321 ;;		Unchanged: 0/0
   322 ;; Data sizes:     COMMON   BANK0
   323 ;;      Params:         0       2
   324 ;;      Locals:         0       2
   325 ;;      Temps:          0       2
   326 ;;      Totals:         0       6
   327 ;;Total ram usage:        6 bytes
   328 ;; Hardware stack levels used:    1
   329 ;; This function calls:
   330 ;;		Nothing
   331 ;; This function is called by:
   332 ;;		_main
   333 ;; This function uses a non-reentrant model
   334 ;;
   335                           
   336                           
   337                           ;psect for function _Delay_ms
   338  169                     _Delay_ms:	
   339                           
   340                           ;main3.c: 16: for (unsigned int i = 0; i < DELAY_CNT; i++) {
   341  169  06D                	clrf	Delay_ms@i
   342  16A  06E                	clrf	Delay_ms@i+1
   343  16B                     l505:	
   344  16B  20A                	movf	Delay_ms@DELAY_CNT+1,w
   345  16C  03D                	movwf	29
   346  16D  209                	movf	Delay_ms@DELAY_CNT,w
   347  16E  03C                	movwf	28
   348  16F  21D                	movf	29,w
   349  170  08E                	subwf	Delay_ms@i+1,w
   350  171  743                	skipz
   351  172  B75                	goto	u95
   352  173  21C                	movf	28,w
   353  174  08D                	subwf	Delay_ms@i,w
   354  175                     u95:	
   355  175  603                	btfsc	3,0
   356  176  800                	retlw	0
   357                           
   358                           ;main3.c: 17: _delay((unsigned long)((1)*(8000000/4000.0)));
   359  177  C03                	movlw	3
   360  178  02C                	movwf	??_Delay_ms+1
   361  179  C97                	movlw	151
   362  17A  02B                	movwf	??_Delay_ms
   363  17B                     u177:	
   364  17B  2EB                	decfsz	??_Delay_ms,f
   365  17C  B7B                	goto	u177
   366  17D  2EC                	decfsz	??_Delay_ms+1,f
   367  17E  B7B                	goto	u177
   368  17F  B80                	nop2
   369  180  C01                	movlw	1
   370  181  03C                	movwf	28
   371  182  07D                	clrf	29
   372  183  21C                	movf	28,w
   373  184  1ED                	addwf	Delay_ms@i,f
   374  185  603                	skipnc
   375  186  2AE                	incf	Delay_ms@i+1,f
   376  187  21D                	movf	29,w
   377  188  1EE                	addwf	Delay_ms@i+1,f
   378  189  B6B                	goto	l505
   379  18A                     __end_of_Delay_ms:	
   380  001C                     btemp	set	28	;btemp
   381  001C                     wtemp	set	28
   382  001C                     wtemp0	set	28
   383  001E                     wtemp1	set	30
   384  0020                     wtemp2	set	32
   385  0022                     wtemp3	set	34
   386  0024                     wtemp4	set	36
   387  0026                     wtemp5	set	38
   388  001D                     wtemp6	set	29
   389  001C                     ttemp	set	28
   390  001C                     ttemp0	set	28
   391  001F                     ttemp1	set	31
   392  0022                     ttemp2	set	34
   393  0025                     ttemp3	set	37
   394  001D                     ttemp4	set	29
   395  001C                     ltemp	set	28
   396  001C                     ltemp0	set	28
   397  0020                     ltemp1	set	32
   398  0024                     ltemp2	set	36
   399  001E                     ltemp3	set	30
   400                           
   401                           	psect	jmp_tab
   402  005                     __pjmp_tab:	
   403                           ;incstack = 0
   404                           ; Regs used in _Delay_ms: [wreg-fsr0h+status,2+btemp+0+btemp+1]
   405                           
   406  005                     entry__Delay_ms:	
   407  005  B69                	ljmp	_Delay_ms


Data Sizes:
    Strings     0
    Constant    0
    Data        0
    BSS         0
    Persistent  0
    Stack       0

Auto Spaces:
    Space          Size  Autos    Used
    COMMON            0      0       0
    BANK0            21     11      11

Pointer List with Targets:

    None.

Critical Paths under _main in COMMON

    None.

Critical Paths under _main in BANK0

    _main->_Delay_ms

Call Graph Tables:

 ---------------------------------------------------------------------------------
 (Depth) Function   	        Calls       Base Space   Used Autos Params    Refs
 ---------------------------------------------------------------------------------
 (0) _main                                                 5     5      0     311
                                              6 BANK0      5     5      0
                           _Delay_ms
 ---------------------------------------------------------------------------------
 (1) _Delay_ms                                             6     4      2     218
                                              0 BANK0      6     4      2
 ---------------------------------------------------------------------------------
 Estimated maximum stack depth 1
 ---------------------------------------------------------------------------------

 Call Graph Graphs:

 _main (ROOT)
   _Delay_ms

 Address spaces:
Name               Size   Autos  Total    Cost      Usage
STACK                0      0       0       0        0.0%
NULL                 0      0       0       0        0.0%
CODE                 0      0       0       0        0.0%
BITSFR0              0      0       0       1        0.0%
SFR0                 0      0       0       1        0.0%
DATA                 0      0       0       1        0.0%
BITCOMMON            0      0       0       2        0.0%
BITBANK0            15      0       0       3        0.0%
COMMON               0      0       0       4        0.0%
BANK0               15      B       B       5       52.4%
ABS                  0      0       0       6        0.0%


Microchip Technology PIC Macro Assembler V1.33 build 59893 
Symbol Table                                                                                   Thu Oct 27 05:39:07 2016

            __CFG_CP$OFF 0000                       _GO 0039                       u95 0175  
                     fsr 0004                      l505 016B                      l547 01B3  
                    l565 01D5                      l557 01CC                      l567 01DE  
                    l559 01CE                      l569 01E0                      _GP1 0031  
                    _GP2 0032                      _GP3 0033                      u105 01C0  
                    u165 01FA                      u177 017B                     _ADON 0038  
                   _CHS0 003A                     _CHS1 003B                     _ANS0 003E  
                   _ANS1 003F                     _main 018A                     btemp 001C  
                   ltemp 001C                     start 0002                     ttemp 001C  
                   wtemp 001C            __CFG_MCPU$OFF 0000                    ?_main 0009  
                  _ADRES 0008            __CFG_WDTE$OFF 0000                    _nDONE 0039  
                  ltemp0 001C                    ltemp1 0020                    ltemp2 0024  
                  ltemp3 001E                    ttemp0 001C                    ttemp1 001F  
                  ttemp2 0022                    ttemp3 0025                    ttemp4 001D  
                  wtemp0 001C                    wtemp1 001E                    wtemp2 0020  
                  wtemp3 0022                    wtemp4 0024                    wtemp5 0026  
                  wtemp6 001D        Delay_ms@DELAY_CNT 0009         __end_of_Delay_ms 018A  
         __CFG_MCLRE$OFF 0000          __initialization 0003             __end_of_main 01FF  
                 ??_main 000F                   _OPTION 0000            main@max_width 0010  
__end_of__initialization 0003                ?_Delay_ms 0009               __pmaintext 018A  
             ??_Delay_ms 000B                  __ptext0 0000                  __ptext1 0169  
   end_of_initialization 0003                Delay_ms@i 000D      start_initialization 0003  
       __CFG_IOSCFS$8MHZ 0000        __size_of_Delay_ms 0021           entry__Delay_ms 0005  
              ___latbits 0000            __pcstackBANK0 0009                __pjmp_tab 0005  
               _TRISGPIO 0006                main@width 0012                 _Delay_ms 0169  
          __size_of_main 0075  
