

Microchip Technology PIC LITE Macro Assembler V1.33 build 59893 
                                                                                               Tue Oct 25 16:21:50 2016

Microchip Technology Omniscient Code Generator (Lite mode) build 59893
     1                           	processor	10F222
     2                           	opt	pw 120
     3                           	opt	lm
     4                           	psect	maintext,global,class=CODE,split=1,delta=2
     5                           	psect	cinit,global,class=ENTRY,merge=1,delta=2
     6                           	psect	cstackCOMMON,global,class=COMMON,space=1,delta=1
     7                           	psect	cstackBANK0,global,class=BANK0,space=1,delta=1
     8                           	dabs	1,0x1C,4
     9  0000                     	;# 
    10  0001                     	;# 
    11  0002                     	;# 
    12  0003                     	;# 
    13  0004                     	;# 
    14  0005                     	;# 
    15  0006                     	;# 
    16  0007                     	;# 
    17  0008                     	;# 
    18  0000                     _OPTION	set	0
    19  0006                     _TRISGPIO	set	6
    20  0038                     _ADON	set	56
    21  003E                     _ANS0	set	62
    22  003F                     _ANS1	set	63
    23  003A                     _CHS0	set	58
    24  003B                     _CHS1	set	59
    25  0039                     _GO	set	57
    26  0031                     _GP1	set	49
    27  0032                     _GP2	set	50
    28  0033                     _GP3	set	51
    29  0039                     _nDONE	set	57
    30                           
    31                           	psect	maintext
    32  163                     __pmaintext:	
    33                           ; #config settings
    34                           
    35                           
    36                           ;psect for function _main
    37  0000                     
    38 ;;
    39 ;;Main: autosize = 0, tempsize = 0, incstack = 0, save=0
    40 ;;
    41 ;; *************** function _main *****************
    42 ;; Defined at:
    43 ;;		line 21 in file "main.c"
    44 ;; Parameters:    Size  Location     Type
    45 ;;		None
    46 ;; Auto vars:     Size  Location     Type
    47 ;;  width           4    4[BANK0 ] long 
    48 ;;  max_width       4    0[BANK0 ] long 
    49 ;;  t               2    8[BANK0 ] int 
    50 ;; Return value:  Size  Location     Type
    51 ;;		None               void
    52 ;; Registers used:
    53 ;;		wreg, fsr0l, fsr0h, status,2, status,0, btemp+0, btemp+1, btemp+2, btemp+3
    54 ;; Tracked objects:
    55 ;;		On entry : 17F/0
    56 ;;		On exit  : 0/0
    57 ;;		Unchanged: 0/0
    58 ;; Data sizes:     COMMON   BANK0
    59 ;;      Params:         0       0
    60 ;;      Locals:         0      10
    61 ;;      Temps:          0       0
    62 ;;      Totals:         0      10
    63 ;;Total ram usage:       10 bytes
    64 ;; This function calls:
    65 ;;		Nothing
    66 ;; This function is called by:
    67 ;;		Startup code after reset
    68 ;; This function uses a non-reentrant model
    69 ;;
    70  163                     _main:	
    71                           
    72                           ;main.c: 23: int t = 0;
    73                           
    74                           ;incstack = 0
    75                           ; Regs used in _main: [wreg-fsr0h+status,2-btemp+3]
    76  163  071                	clrf	main@t
    77  164  072                	clrf	main@t+1
    78                           
    79                           ;main.c: 24: long int width = 0;
    80  165  C00                	movlw	0
    81  166  03C                	movwf	28
    82  167  C00                	movlw	0
    83  168  03D                	movwf	29
    84  169  C00                	movlw	0
    85  16A  03E                	movwf	30
    86  16B  C00                	movlw	0
    87  16C  03F                	movwf	31
    88  16D  21F                	movf	31,w
    89  16E  030                	movwf	main@width+3
    90  16F  21E                	movf	30,w
    91  170  02F                	movwf	main@width+2
    92  171  21D                	movf	29,w
    93  172  02E                	movwf	main@width+1
    94  173  21C                	movf	28,w
    95  174  02D                	movwf	main@width
    96                           
    97                           ;main.c: 25: long int max_width = 0;
    98  175  C00                	movlw	0
    99  176  03C                	movwf	28
   100  177  C00                	movlw	0
   101  178  03D                	movwf	29
   102  179  C00                	movlw	0
   103  17A  03E                	movwf	30
   104  17B  C00                	movlw	0
   105  17C  03F                	movwf	31
   106  17D  21F                	movf	31,w
   107  17E  02C                	movwf	main@max_width+3
   108  17F  21E                	movf	30,w
   109  180  02B                	movwf	main@max_width+2
   110  181  21D                	movf	29,w
   111  182  02A                	movwf	main@max_width+1
   112  183  21C                	movf	28,w
   113  184  029                	movwf	main@max_width
   114                           
   115                           ;main.c: 27: OPTION = 0b11000000;
   116  185  CC0                	movlw	192
   117  186  002                	option
   118                           
   119                           ;main.c: 29: TRISGPIO = 0b1000;
   120  187  C08                	movlw	8
   121  188  006                	tris	6
   122                           
   123                           ;main.c: 30: ANS0 = 1;
   124  189  5C7                	bsf	7,6	;volatile
   125                           
   126                           ;main.c: 31: ANS1 = 0;
   127  18A  4E7                	bcf	7,7	;volatile
   128                           
   129                           ;main.c: 32: CHS1 = 0; CHS0 = 0;
   130  18B  467                	bcf	7,3	;volatile
   131  18C  447                	bcf	7,2	;volatile
   132                           
   133                           ;main.c: 33: ADON = 1;
   134  18D  507                	bsf	7,0	;volatile
   135  18E                     L1:	
   136                           
   137                           ;main.c: 45: t = GP3;
   138  18E  403                	clrc
   139  18F  666                	btfsc	6,3	;volatile
   140  190  503                	setc
   141  191  C00                	movlw	0
   142  192  603                	skipnc
   143  193  C01                	movlw	1
   144  194  03C                	movwf	28
   145  195  07D                	clrf	29
   146  196  21C                	movf	28,w
   147  197  031                	movwf	main@t
   148  198  21D                	movf	29,w
   149  199  032                	movwf	main@t+1
   150                           
   151                           ;main.c: 48: GO = 1;
   152                           
   153                           ;main.c: 47: while (1) {
   154  19A  527                	bsf	7,1	;volatile
   155  19B                     l496:	
   156                           ;main.c: 49: while (nDONE);
   157                           
   158  19B  627                	btfsc	7,1	;volatile
   159  19C  B9B                	goto	l496
   160                           
   161                           ;main.c: 51: if((t != GP3)&&(GP3 == 0)) {
   162  19D  212                	movf	main@t+1,w
   163  19E  03D                	movwf	29
   164  19F  211                	movf	main@t,w
   165  1A0  03C                	movwf	28
   166  1A1  403                	clrc
   167  1A2  666                	btfsc	6,3	;volatile
   168  1A3  503                	setc
   169  1A4  C00                	movlw	0
   170  1A5  603                	skipnc
   171  1A6  C01                	movlw	1
   172  1A7  03E                	movwf	30
   173  1A8  07F                	clrf	31
   174  1A9  21D                	movf	29,w
   175  1AA  19F                	xorwf	31,w
   176  1AB  743                	skipz
   177  1AC  BAF                	goto	u95
   178  1AD  21C                	movf	28,w
   179  1AE  19E                	xorwf	30,w
   180  1AF                     u95:	
   181  1AF  743                	btfss	3,2
   182  1B0  666                	btfsc	6,3	;volatile
   183  1B1  BC0                	goto	l504
   184                           
   185                           ;main.c: 52: width++;
   186  1B2  C01                	movlw	1
   187  1B3  1ED                	addwf	main@width,f
   188  1B4  C00                	movlw	0
   189  1B5  603                	skipnc
   190  1B6  C01                	movlw	1
   191  1B7  1EE                	addwf	main@width+1,f
   192  1B8  C00                	movlw	0
   193  1B9  603                	skipnc
   194  1BA  C01                	movlw	1
   195  1BB  1EF                	addwf	main@width+2,f
   196  1BC  C00                	movlw	0
   197  1BD  603                	skipnc
   198  1BE  C01                	movlw	1
   199  1BF  1F0                	addwf	main@width+3,f
   200  1C0                     l504:	
   201                           
   202                           ;main.c: 53: };
   203                           ;main.c: 55: if((t != GP3)&&(GP3 == 1)) {
   204  1C0  212                	movf	main@t+1,w
   205  1C1  03D                	movwf	29
   206  1C2  211                	movf	main@t,w
   207  1C3  03C                	movwf	28
   208  1C4  403                	clrc
   209  1C5  666                	btfsc	6,3	;volatile
   210  1C6  503                	setc
   211  1C7  C00                	movlw	0
   212  1C8  603                	skipnc
   213  1C9  C01                	movlw	1
   214  1CA  03E                	movwf	30
   215  1CB  07F                	clrf	31
   216  1CC  21D                	movf	29,w
   217  1CD  19F                	xorwf	31,w
   218  1CE  743                	skipz
   219  1CF  BD2                	goto	u115
   220  1D0  21C                	movf	28,w
   221  1D1  19E                	xorwf	30,w
   222  1D2                     u115:	
   223  1D2  743                	btfss	3,2
   224  1D3  766                	btfss	6,3	;volatile
   225  1D4  BE5                	goto	l510
   226                           
   227                           ;main.c: 56: width = 0;
   228  1D5  C00                	movlw	0
   229  1D6  03C                	movwf	28
   230  1D7  C00                	movlw	0
   231  1D8  03D                	movwf	29
   232  1D9  C00                	movlw	0
   233  1DA  03E                	movwf	30
   234  1DB  C00                	movlw	0
   235  1DC  03F                	movwf	31
   236  1DD  21F                	movf	31,w
   237  1DE  030                	movwf	main@width+3
   238  1DF  21E                	movf	30,w
   239  1E0  02F                	movwf	main@width+2
   240  1E1  21D                	movf	29,w
   241  1E2  02E                	movwf	main@width+1
   242  1E3  21C                	movf	28,w
   243  1E4  02D                	movwf	main@width
   244  1E5                     l510:	
   245                           
   246                           ;main.c: 57: };
   247                           ;main.c: 59: if (width > 10000000) {
   248  1E5  210                	movf	main@width+3,w
   249  1E6  F80                	xorlw	128
   250  1E7  03C                	movwf	28
   251  1E8  C00                	movlw	0
   252  1E9  F80                	xorlw	128
   253  1EA  09C                	subwf	28,w
   254  1EB  743                	skipz
   255  1EC  BF7                	goto	u133
   256  1ED  C98                	movlw	152
   257  1EE  08F                	subwf	main@width+2,w
   258  1EF  743                	skipz
   259  1F0  BF7                	goto	u133
   260  1F1  C96                	movlw	150
   261  1F2  08E                	subwf	main@width+1,w
   262  1F3  743                	skipz
   263  1F4  BF7                	goto	u133
   264  1F5  C81                	movlw	129
   265  1F6  08D                	subwf	main@width,w
   266  1F7                     u133:	
   267  1F7  703                	skipc
   268  1F8  BFC                	goto	l514
   269                           
   270                           ;main.c: 60: GP2 = 0;GP1 = 1;
   271  1F9  446                	bcf	6,2	;volatile
   272  1FA  526                	bsf	6,1	;volatile
   273                           
   274                           ;main.c: 61: }else{
   275  1FB  B8E                	goto	L1
   276  1FC                     l514:	
   277                           
   278                           ;main.c: 62: GP2 = 1;GP1 = 0;
   279  1FC  546                	bsf	6,2	;volatile
   280  1FD  426                	bcf	6,1	;volatile
   281  1FE  B8E                	goto	L1
   282  1FF                     __end_of_main:	
   283                           ;main.c: 63: };
   284                           ;main.c: 65: t = GP3;
   285                           
   286  001C                     btemp	set	28	;btemp
   287  001C                     wtemp	set	28
   288  001C                     wtemp0	set	28
   289  001E                     wtemp1	set	30
   290  0020                     wtemp2	set	32
   291  0022                     wtemp3	set	34
   292  0024                     wtemp4	set	36
   293  0026                     wtemp5	set	38
   294  001D                     wtemp6	set	29
   295  001C                     ttemp	set	28
   296  001C                     ttemp0	set	28
   297  001F                     ttemp1	set	31
   298  0022                     ttemp2	set	34
   299  0025                     ttemp3	set	37
   300  001D                     ttemp4	set	29
   301  001C                     ltemp	set	28
   302  001C                     ltemp0	set	28
   303  0020                     ltemp1	set	32
   304  0024                     ltemp2	set	36
   305  001E                     ltemp3	set	30
   306                           
   307                           	psect	cinit
   308  004                     start_initialization:	
   309  004                     __initialization:	
   310  004                     end_of_initialization:	
   311                           ;End of C runtime variable initialization code
   312                           
   313  004                     __end_of__initialization:	
   314  004  064                	clrf	4
   315  005  B63                	ljmp	_main	;jump to C main() function
   316                           
   317                           	psect	cstackCOMMON
   318  000                     __pcstackCOMMON:	
   319  000                     ??_main:	
   320                           
   321                           	psect	cstackBANK0
   322  009                     __pcstackBANK0:	
   323                           ; 0 bytes @ 0x0
   324                           
   325  009                     ?_main:	
   326  009                     main@max_width:	
   327                           ; 0 bytes @ 0x0
   328                           
   329                           
   330                           ; 4 bytes @ 0x0
   331  009                     	ds	4
   332  00D                     main@width:	
   333                           
   334                           ; 4 bytes @ 0x4
   335  00D                     	ds	4
   336  011                     main@t:	
   337                           
   338                           ; 2 bytes @ 0x8
   339  011                     	ds	2


Data Sizes:
    Strings     0
    Constant    0
    Data        0
    BSS         0
    Persistent  0
    Stack       0

Auto Spaces:
    Space          Size  Autos    Used
    COMMON            0      0       0
    BANK0            21     10      10

Pointer List with Targets:

    None.

Critical Paths under _main in COMMON

    None.

Critical Paths under _main in BANK0

    None.

Call Graph Tables:

 ---------------------------------------------------------------------------------
 (Depth) Function   	        Calls       Base Space   Used Autos Params    Refs
 ---------------------------------------------------------------------------------
 (0) _main                                                10    10      0      73
                                              0 BANK0     10    10      0
 ---------------------------------------------------------------------------------
 Estimated maximum stack depth 0
 ---------------------------------------------------------------------------------

 Call Graph Graphs:

 _main (ROOT)

 Address spaces:
Name               Size   Autos  Total    Cost      Usage
STACK                0      0       0       0        0.0%
NULL                 0      0       0       0        0.0%
CODE                 0      0       0       0        0.0%
BITSFR0              0      0       0       1        0.0%
SFR0                 0      0       0       1        0.0%
DATA                 0      0       0       1        0.0%
BITCOMMON            0      0       0       2        0.0%
BITBANK0            15      0       0       3        0.0%
COMMON               0      0       0       4        0.0%
BANK0               15      A       A       5       47.6%
ABS                  0      0       0       6        0.0%


Microchip Technology PIC Macro Assembler V1.33 build 59893 
Symbol Table                                                                                   Tue Oct 25 16:21:50 2016

            __CFG_CP$OFF 0000                       _GO 0039                       u95 01AF  
                     fsr 0004                      l510 01E5                      l504 01C0  
                    l514 01FC                      l496 019B                      _GP1 0031  
                    _GP2 0032                      _GP3 0033                      u115 01D2  
                    u133 01F7                     _ADON 0038                     _CHS0 003A  
                   _CHS1 003B                     _ANS0 003E                     _ANS1 003F  
                   _main 0163                     btemp 001C                     ltemp 001C  
                   start 0003                     ttemp 001C                     wtemp 001C  
          __CFG_MCPU$OFF 0000                    ?_main 0009            __CFG_WDTE$OFF 0000  
                  _nDONE 0039                    main@t 0011                    ltemp0 001C  
                  ltemp1 0020                    ltemp2 0024                    ltemp3 001E  
                  ttemp0 001C                    ttemp1 001F                    ttemp2 0022  
                  ttemp3 0025                    ttemp4 001D                    wtemp0 001C  
                  wtemp1 001E                    wtemp2 0020                    wtemp3 0022  
                  wtemp4 0024                    wtemp5 0026                    wtemp6 001D  
         __CFG_MCLRE$OFF 0000          __initialization 0004             __end_of_main 01FF  
                 ??_main 0000                   _OPTION 0000            main@max_width 0009  
__end_of__initialization 0004           __pcstackCOMMON 0000               __pmaintext 0163  
   end_of_initialization 0004      start_initialization 0004         __CFG_IOSCFS$8MHZ 0000  
              ___latbits 0000            __pcstackBANK0 0009                 _TRISGPIO 0006  
              main@width 000D            __size_of_main 009C  
